[0.210s] DEBUG:colcon:Command line arguments: ['/usr/bin/colcon', 'list', '-n']
[0.211s] DEBUG:colcon:Parsed command line arguments: Namespace(allow_overriding=[], base_paths=['.'], build_base='build', ignore_user_meta=False, log_base=None, log_level=None, main=<bound method ListVerb.main of <colcon_package_information.verb.list.ListVerb object at 0x7f8978cbc9d0>>, metas=['./colcon.meta'], mixin=None, mixin_files=None, mixin_verb=('list',), names_only=True, packages_above=None, packages_above_and_dependencies=None, packages_above_depth=None, packages_end=None, packages_ignore=None, packages_ignore_regex=None, packages_select=None, packages_select_build_failed=False, packages_select_by_dep=None, packages_select_regex=None, packages_select_test_failures=False, packages_skip=None, packages_skip_build_finished=False, packages_skip_by_dep=None, packages_skip_regex=None, packages_skip_test_passed=False, packages_skip_up_to=None, packages_start=None, packages_up_to=None, packages_up_to_regex=None, paths=None, paths_only=False, topological_graph=False, topological_graph_density=False, topological_graph_dot=False, topological_graph_dot_cluster=False, topological_graph_dot_include_skipped=False, topological_graph_legend=False, topological_order=False, verb_extension=<colcon_package_information.verb.list.ListVerb object at 0x7f8978cbc9d0>, verb_name='list', verb_parser=<colcon_mixin.mixin.mixin_argument.MixinArgumentDecorator object at 0x7f8978c85790>)
[0.255s] Level 1:colcon.colcon_core.package_discovery:discover_packages(colcon_meta) check parameters
[0.256s] Level 1:colcon.colcon_core.package_discovery:discover_packages(recursive) check parameters
[0.256s] Level 1:colcon.colcon_core.package_discovery:discover_packages(ignore) check parameters
[0.256s] Level 1:colcon.colcon_core.package_discovery:discover_packages(path) check parameters
[0.256s] Level 1:colcon.colcon_core.package_discovery:discover_packages(colcon_meta) discover
[0.256s] Level 1:colcon.colcon_core.package_discovery:discover_packages(recursive) discover
[0.256s] INFO:colcon.colcon_core.package_discovery:Crawling recursively for packages in '/home/qind/Desktop/Pose_Estimate/DenseFusion'
[0.256s] Level 1:colcon.colcon_core.package_identification:_identify(.) by extensions ['ignore', 'ignore_ament_install']
[0.256s] Level 1:colcon.colcon_core.package_identification:_identify(.) by extension 'ignore'
[0.257s] Level 1:colcon.colcon_core.package_identification:_identify(.) by extension 'ignore_ament_install'
[0.257s] Level 1:colcon.colcon_core.package_identification:_identify(.) by extensions ['colcon_pkg']
[0.257s] Level 1:colcon.colcon_core.package_identification:_identify(.) by extension 'colcon_pkg'
[0.257s] Level 1:colcon.colcon_core.package_identification:_identify(.) by extensions ['colcon_meta']
[0.257s] Level 1:colcon.colcon_core.package_identification:_identify(.) by extension 'colcon_meta'
[0.257s] Level 1:colcon.colcon_core.package_identification:_identify(.) by extensions ['ros']
[0.257s] Level 1:colcon.colcon_core.package_identification:_identify(.) by extension 'ros'
[0.273s] Level 1:colcon.colcon_core.package_identification:_identify(.) by extensions ['cmake', 'python']
[0.273s] Level 1:colcon.colcon_core.package_identification:_identify(.) by extension 'cmake'
[0.273s] Level 1:colcon.colcon_core.package_identification:_identify(.) by extension 'python'
[0.273s] Level 1:colcon.colcon_core.package_identification:_identify(.) by extensions ['python_setup_py']
[0.273s] Level 1:colcon.colcon_core.package_identification:_identify(.) by extension 'python_setup_py'
[0.273s] Level 1:colcon.colcon_core.package_identification:_identify(assets) by extensions ['ignore', 'ignore_ament_install']
[0.273s] Level 1:colcon.colcon_core.package_identification:_identify(assets) by extension 'ignore'
[0.274s] Level 1:colcon.colcon_core.package_identification:_identify(assets) by extension 'ignore_ament_install'
[0.274s] Level 1:colcon.colcon_core.package_identification:_identify(assets) by extensions ['colcon_pkg']
[0.274s] Level 1:colcon.colcon_core.package_identification:_identify(assets) by extension 'colcon_pkg'
[0.274s] Level 1:colcon.colcon_core.package_identification:_identify(assets) by extensions ['colcon_meta']
[0.274s] Level 1:colcon.colcon_core.package_identification:_identify(assets) by extension 'colcon_meta'
[0.274s] Level 1:colcon.colcon_core.package_identification:_identify(assets) by extensions ['ros']
[0.274s] Level 1:colcon.colcon_core.package_identification:_identify(assets) by extension 'ros'
[0.274s] Level 1:colcon.colcon_core.package_identification:_identify(assets) by extensions ['cmake', 'python']
[0.274s] Level 1:colcon.colcon_core.package_identification:_identify(assets) by extension 'cmake'
[0.274s] Level 1:colcon.colcon_core.package_identification:_identify(assets) by extension 'python'
[0.274s] Level 1:colcon.colcon_core.package_identification:_identify(assets) by extensions ['python_setup_py']
[0.274s] Level 1:colcon.colcon_core.package_identification:_identify(assets) by extension 'python_setup_py'
[0.274s] Level 1:colcon.colcon_core.package_identification:_identify(datasets) by extensions ['ignore', 'ignore_ament_install']
[0.275s] Level 1:colcon.colcon_core.package_identification:_identify(datasets) by extension 'ignore'
[0.275s] Level 1:colcon.colcon_core.package_identification:_identify(datasets) by extension 'ignore_ament_install'
[0.275s] Level 1:colcon.colcon_core.package_identification:_identify(datasets) by extensions ['colcon_pkg']
[0.275s] Level 1:colcon.colcon_core.package_identification:_identify(datasets) by extension 'colcon_pkg'
[0.275s] Level 1:colcon.colcon_core.package_identification:_identify(datasets) by extensions ['colcon_meta']
[0.275s] Level 1:colcon.colcon_core.package_identification:_identify(datasets) by extension 'colcon_meta'
[0.275s] Level 1:colcon.colcon_core.package_identification:_identify(datasets) by extensions ['ros']
[0.275s] Level 1:colcon.colcon_core.package_identification:_identify(datasets) by extension 'ros'
[0.275s] Level 1:colcon.colcon_core.package_identification:_identify(datasets) by extensions ['cmake', 'python']
[0.275s] Level 1:colcon.colcon_core.package_identification:_identify(datasets) by extension 'cmake'
[0.275s] Level 1:colcon.colcon_core.package_identification:_identify(datasets) by extension 'python'
[0.275s] Level 1:colcon.colcon_core.package_identification:_identify(datasets) by extensions ['python_setup_py']
[0.275s] Level 1:colcon.colcon_core.package_identification:_identify(datasets) by extension 'python_setup_py'
[0.275s] Level 1:colcon.colcon_core.package_identification:_identify(datasets/linemod) by extensions ['ignore', 'ignore_ament_install']
[0.276s] Level 1:colcon.colcon_core.package_identification:_identify(datasets/linemod) by extension 'ignore'
[0.276s] Level 1:colcon.colcon_core.package_identification:_identify(datasets/linemod) by extension 'ignore_ament_install'
[0.276s] Level 1:colcon.colcon_core.package_identification:_identify(datasets/linemod) by extensions ['colcon_pkg']
[0.276s] Level 1:colcon.colcon_core.package_identification:_identify(datasets/linemod) by extension 'colcon_pkg'
[0.276s] Level 1:colcon.colcon_core.package_identification:_identify(datasets/linemod) by extensions ['colcon_meta']
[0.276s] Level 1:colcon.colcon_core.package_identification:_identify(datasets/linemod) by extension 'colcon_meta'
[0.276s] Level 1:colcon.colcon_core.package_identification:_identify(datasets/linemod) by extensions ['ros']
[0.276s] Level 1:colcon.colcon_core.package_identification:_identify(datasets/linemod) by extension 'ros'
[0.276s] Level 1:colcon.colcon_core.package_identification:_identify(datasets/linemod) by extensions ['cmake', 'python']
[0.276s] Level 1:colcon.colcon_core.package_identification:_identify(datasets/linemod) by extension 'cmake'
[0.276s] Level 1:colcon.colcon_core.package_identification:_identify(datasets/linemod) by extension 'python'
[0.276s] Level 1:colcon.colcon_core.package_identification:_identify(datasets/linemod) by extensions ['python_setup_py']
[0.276s] Level 1:colcon.colcon_core.package_identification:_identify(datasets/linemod) by extension 'python_setup_py'
[0.277s] Level 1:colcon.colcon_core.package_identification:_identify(datasets/linemod/dataset_config) by extensions ['ignore', 'ignore_ament_install']
[0.277s] Level 1:colcon.colcon_core.package_identification:_identify(datasets/linemod/dataset_config) by extension 'ignore'
[0.277s] Level 1:colcon.colcon_core.package_identification:_identify(datasets/linemod/dataset_config) by extension 'ignore_ament_install'
[0.277s] Level 1:colcon.colcon_core.package_identification:_identify(datasets/linemod/dataset_config) by extensions ['colcon_pkg']
[0.277s] Level 1:colcon.colcon_core.package_identification:_identify(datasets/linemod/dataset_config) by extension 'colcon_pkg'
[0.277s] Level 1:colcon.colcon_core.package_identification:_identify(datasets/linemod/dataset_config) by extensions ['colcon_meta']
[0.277s] Level 1:colcon.colcon_core.package_identification:_identify(datasets/linemod/dataset_config) by extension 'colcon_meta'
[0.277s] Level 1:colcon.colcon_core.package_identification:_identify(datasets/linemod/dataset_config) by extensions ['ros']
[0.277s] Level 1:colcon.colcon_core.package_identification:_identify(datasets/linemod/dataset_config) by extension 'ros'
[0.277s] Level 1:colcon.colcon_core.package_identification:_identify(datasets/linemod/dataset_config) by extensions ['cmake', 'python']
[0.277s] Level 1:colcon.colcon_core.package_identification:_identify(datasets/linemod/dataset_config) by extension 'cmake'
[0.277s] Level 1:colcon.colcon_core.package_identification:_identify(datasets/linemod/dataset_config) by extension 'python'
[0.277s] Level 1:colcon.colcon_core.package_identification:_identify(datasets/linemod/dataset_config) by extensions ['python_setup_py']
[0.278s] Level 1:colcon.colcon_core.package_identification:_identify(datasets/linemod/dataset_config) by extension 'python_setup_py'
[0.278s] Level 1:colcon.colcon_core.package_identification:_identify(datasets/ycb) by extensions ['ignore', 'ignore_ament_install']
[0.278s] Level 1:colcon.colcon_core.package_identification:_identify(datasets/ycb) by extension 'ignore'
[0.278s] Level 1:colcon.colcon_core.package_identification:_identify(datasets/ycb) by extension 'ignore_ament_install'
[0.278s] Level 1:colcon.colcon_core.package_identification:_identify(datasets/ycb) by extensions ['colcon_pkg']
[0.278s] Level 1:colcon.colcon_core.package_identification:_identify(datasets/ycb) by extension 'colcon_pkg'
[0.278s] Level 1:colcon.colcon_core.package_identification:_identify(datasets/ycb) by extensions ['colcon_meta']
[0.278s] Level 1:colcon.colcon_core.package_identification:_identify(datasets/ycb) by extension 'colcon_meta'
[0.278s] Level 1:colcon.colcon_core.package_identification:_identify(datasets/ycb) by extensions ['ros']
[0.278s] Level 1:colcon.colcon_core.package_identification:_identify(datasets/ycb) by extension 'ros'
[0.278s] Level 1:colcon.colcon_core.package_identification:_identify(datasets/ycb) by extensions ['cmake', 'python']
[0.278s] Level 1:colcon.colcon_core.package_identification:_identify(datasets/ycb) by extension 'cmake'
[0.278s] Level 1:colcon.colcon_core.package_identification:_identify(datasets/ycb) by extension 'python'
[0.279s] Level 1:colcon.colcon_core.package_identification:_identify(datasets/ycb) by extensions ['python_setup_py']
[0.279s] Level 1:colcon.colcon_core.package_identification:_identify(datasets/ycb) by extension 'python_setup_py'
[0.279s] Level 1:colcon.colcon_core.package_identification:_identify(datasets/ycb/dataset_config) by extensions ['ignore', 'ignore_ament_install']
[0.279s] Level 1:colcon.colcon_core.package_identification:_identify(datasets/ycb/dataset_config) by extension 'ignore'
[0.279s] Level 1:colcon.colcon_core.package_identification:_identify(datasets/ycb/dataset_config) by extension 'ignore_ament_install'
[0.279s] Level 1:colcon.colcon_core.package_identification:_identify(datasets/ycb/dataset_config) by extensions ['colcon_pkg']
[0.279s] Level 1:colcon.colcon_core.package_identification:_identify(datasets/ycb/dataset_config) by extension 'colcon_pkg'
[0.279s] Level 1:colcon.colcon_core.package_identification:_identify(datasets/ycb/dataset_config) by extensions ['colcon_meta']
[0.279s] Level 1:colcon.colcon_core.package_identification:_identify(datasets/ycb/dataset_config) by extension 'colcon_meta'
[0.279s] Level 1:colcon.colcon_core.package_identification:_identify(datasets/ycb/dataset_config) by extensions ['ros']
[0.279s] Level 1:colcon.colcon_core.package_identification:_identify(datasets/ycb/dataset_config) by extension 'ros'
[0.279s] Level 1:colcon.colcon_core.package_identification:_identify(datasets/ycb/dataset_config) by extensions ['cmake', 'python']
[0.280s] Level 1:colcon.colcon_core.package_identification:_identify(datasets/ycb/dataset_config) by extension 'cmake'
[0.280s] Level 1:colcon.colcon_core.package_identification:_identify(datasets/ycb/dataset_config) by extension 'python'
[0.280s] Level 1:colcon.colcon_core.package_identification:_identify(datasets/ycb/dataset_config) by extensions ['python_setup_py']
[0.280s] Level 1:colcon.colcon_core.package_identification:_identify(datasets/ycb/dataset_config) by extension 'python_setup_py'
[0.280s] Level 1:colcon.colcon_core.package_identification:_identify(experiments) by extensions ['ignore', 'ignore_ament_install']
[0.280s] Level 1:colcon.colcon_core.package_identification:_identify(experiments) by extension 'ignore'
[0.280s] Level 1:colcon.colcon_core.package_identification:_identify(experiments) by extension 'ignore_ament_install'
[0.280s] Level 1:colcon.colcon_core.package_identification:_identify(experiments) by extensions ['colcon_pkg']
[0.280s] Level 1:colcon.colcon_core.package_identification:_identify(experiments) by extension 'colcon_pkg'
[0.280s] Level 1:colcon.colcon_core.package_identification:_identify(experiments) by extensions ['colcon_meta']
[0.280s] Level 1:colcon.colcon_core.package_identification:_identify(experiments) by extension 'colcon_meta'
[0.280s] Level 1:colcon.colcon_core.package_identification:_identify(experiments) by extensions ['ros']
[0.280s] Level 1:colcon.colcon_core.package_identification:_identify(experiments) by extension 'ros'
[0.280s] Level 1:colcon.colcon_core.package_identification:_identify(experiments) by extensions ['cmake', 'python']
[0.281s] Level 1:colcon.colcon_core.package_identification:_identify(experiments) by extension 'cmake'
[0.281s] Level 1:colcon.colcon_core.package_identification:_identify(experiments) by extension 'python'
[0.281s] Level 1:colcon.colcon_core.package_identification:_identify(experiments) by extensions ['python_setup_py']
[0.281s] Level 1:colcon.colcon_core.package_identification:_identify(experiments) by extension 'python_setup_py'
[0.281s] Level 1:colcon.colcon_core.package_identification:_identify(experiments/eval_result) by extensions ['ignore', 'ignore_ament_install']
[0.281s] Level 1:colcon.colcon_core.package_identification:_identify(experiments/eval_result) by extension 'ignore'
[0.281s] Level 1:colcon.colcon_core.package_identification:_identify(experiments/eval_result) by extension 'ignore_ament_install'
[0.281s] Level 1:colcon.colcon_core.package_identification:_identify(experiments/eval_result) by extensions ['colcon_pkg']
[0.281s] Level 1:colcon.colcon_core.package_identification:_identify(experiments/eval_result) by extension 'colcon_pkg'
[0.281s] Level 1:colcon.colcon_core.package_identification:_identify(experiments/eval_result) by extensions ['colcon_meta']
[0.281s] Level 1:colcon.colcon_core.package_identification:_identify(experiments/eval_result) by extension 'colcon_meta'
[0.281s] Level 1:colcon.colcon_core.package_identification:_identify(experiments/eval_result) by extensions ['ros']
[0.281s] Level 1:colcon.colcon_core.package_identification:_identify(experiments/eval_result) by extension 'ros'
[0.281s] Level 1:colcon.colcon_core.package_identification:_identify(experiments/eval_result) by extensions ['cmake', 'python']
[0.281s] Level 1:colcon.colcon_core.package_identification:_identify(experiments/eval_result) by extension 'cmake'
[0.281s] Level 1:colcon.colcon_core.package_identification:_identify(experiments/eval_result) by extension 'python'
[0.282s] Level 1:colcon.colcon_core.package_identification:_identify(experiments/eval_result) by extensions ['python_setup_py']
[0.282s] Level 1:colcon.colcon_core.package_identification:_identify(experiments/eval_result) by extension 'python_setup_py'
[0.282s] Level 1:colcon.colcon_core.package_identification:_identify(experiments/eval_result/linemod) by extensions ['ignore', 'ignore_ament_install']
[0.282s] Level 1:colcon.colcon_core.package_identification:_identify(experiments/eval_result/linemod) by extension 'ignore'
[0.282s] Level 1:colcon.colcon_core.package_identification:_identify(experiments/eval_result/linemod) by extension 'ignore_ament_install'
[0.282s] Level 1:colcon.colcon_core.package_identification:_identify(experiments/eval_result/linemod) by extensions ['colcon_pkg']
[0.282s] Level 1:colcon.colcon_core.package_identification:_identify(experiments/eval_result/linemod) by extension 'colcon_pkg'
[0.282s] Level 1:colcon.colcon_core.package_identification:_identify(experiments/eval_result/linemod) by extensions ['colcon_meta']
[0.282s] Level 1:colcon.colcon_core.package_identification:_identify(experiments/eval_result/linemod) by extension 'colcon_meta'
[0.282s] Level 1:colcon.colcon_core.package_identification:_identify(experiments/eval_result/linemod) by extensions ['ros']
[0.282s] Level 1:colcon.colcon_core.package_identification:_identify(experiments/eval_result/linemod) by extension 'ros'
[0.282s] Level 1:colcon.colcon_core.package_identification:_identify(experiments/eval_result/linemod) by extensions ['cmake', 'python']
[0.282s] Level 1:colcon.colcon_core.package_identification:_identify(experiments/eval_result/linemod) by extension 'cmake'
[0.282s] Level 1:colcon.colcon_core.package_identification:_identify(experiments/eval_result/linemod) by extension 'python'
[0.283s] Level 1:colcon.colcon_core.package_identification:_identify(experiments/eval_result/linemod) by extensions ['python_setup_py']
[0.283s] Level 1:colcon.colcon_core.package_identification:_identify(experiments/eval_result/linemod) by extension 'python_setup_py'
[0.283s] Level 1:colcon.colcon_core.package_identification:_identify(experiments/eval_result/ycb) by extensions ['ignore', 'ignore_ament_install']
[0.283s] Level 1:colcon.colcon_core.package_identification:_identify(experiments/eval_result/ycb) by extension 'ignore'
[0.283s] Level 1:colcon.colcon_core.package_identification:_identify(experiments/eval_result/ycb) by extension 'ignore_ament_install'
[0.283s] Level 1:colcon.colcon_core.package_identification:_identify(experiments/eval_result/ycb) by extensions ['colcon_pkg']
[0.283s] Level 1:colcon.colcon_core.package_identification:_identify(experiments/eval_result/ycb) by extension 'colcon_pkg'
[0.283s] Level 1:colcon.colcon_core.package_identification:_identify(experiments/eval_result/ycb) by extensions ['colcon_meta']
[0.283s] Level 1:colcon.colcon_core.package_identification:_identify(experiments/eval_result/ycb) by extension 'colcon_meta'
[0.283s] Level 1:colcon.colcon_core.package_identification:_identify(experiments/eval_result/ycb) by extensions ['ros']
[0.283s] Level 1:colcon.colcon_core.package_identification:_identify(experiments/eval_result/ycb) by extension 'ros'
[0.283s] Level 1:colcon.colcon_core.package_identification:_identify(experiments/eval_result/ycb) by extensions ['cmake', 'python']
[0.283s] Level 1:colcon.colcon_core.package_identification:_identify(experiments/eval_result/ycb) by extension 'cmake'
[0.284s] Level 1:colcon.colcon_core.package_identification:_identify(experiments/eval_result/ycb) by extension 'python'
[0.284s] Level 1:colcon.colcon_core.package_identification:_identify(experiments/eval_result/ycb) by extensions ['python_setup_py']
[0.284s] Level 1:colcon.colcon_core.package_identification:_identify(experiments/eval_result/ycb) by extension 'python_setup_py'
[0.284s] Level 1:colcon.colcon_core.package_identification:_identify(experiments/eval_result/ycb/Densefusion_iterative_result) by extensions ['ignore', 'ignore_ament_install']
[0.284s] Level 1:colcon.colcon_core.package_identification:_identify(experiments/eval_result/ycb/Densefusion_iterative_result) by extension 'ignore'
[0.284s] Level 1:colcon.colcon_core.package_identification:_identify(experiments/eval_result/ycb/Densefusion_iterative_result) by extension 'ignore_ament_install'
[0.284s] Level 1:colcon.colcon_core.package_identification:_identify(experiments/eval_result/ycb/Densefusion_iterative_result) by extensions ['colcon_pkg']
[0.284s] Level 1:colcon.colcon_core.package_identification:_identify(experiments/eval_result/ycb/Densefusion_iterative_result) by extension 'colcon_pkg'
[0.284s] Level 1:colcon.colcon_core.package_identification:_identify(experiments/eval_result/ycb/Densefusion_iterative_result) by extensions ['colcon_meta']
[0.284s] Level 1:colcon.colcon_core.package_identification:_identify(experiments/eval_result/ycb/Densefusion_iterative_result) by extension 'colcon_meta'
[0.284s] Level 1:colcon.colcon_core.package_identification:_identify(experiments/eval_result/ycb/Densefusion_iterative_result) by extensions ['ros']
[0.284s] Level 1:colcon.colcon_core.package_identification:_identify(experiments/eval_result/ycb/Densefusion_iterative_result) by extension 'ros'
[0.284s] Level 1:colcon.colcon_core.package_identification:_identify(experiments/eval_result/ycb/Densefusion_iterative_result) by extensions ['cmake', 'python']
[0.285s] Level 1:colcon.colcon_core.package_identification:_identify(experiments/eval_result/ycb/Densefusion_iterative_result) by extension 'cmake'
[0.285s] Level 1:colcon.colcon_core.package_identification:_identify(experiments/eval_result/ycb/Densefusion_iterative_result) by extension 'python'
[0.285s] Level 1:colcon.colcon_core.package_identification:_identify(experiments/eval_result/ycb/Densefusion_iterative_result) by extensions ['python_setup_py']
[0.285s] Level 1:colcon.colcon_core.package_identification:_identify(experiments/eval_result/ycb/Densefusion_iterative_result) by extension 'python_setup_py'
[0.285s] Level 1:colcon.colcon_core.package_identification:_identify(experiments/eval_result/ycb/Densefusion_wo_refine_result) by extensions ['ignore', 'ignore_ament_install']
[0.285s] Level 1:colcon.colcon_core.package_identification:_identify(experiments/eval_result/ycb/Densefusion_wo_refine_result) by extension 'ignore'
[0.285s] Level 1:colcon.colcon_core.package_identification:_identify(experiments/eval_result/ycb/Densefusion_wo_refine_result) by extension 'ignore_ament_install'
[0.285s] Level 1:colcon.colcon_core.package_identification:_identify(experiments/eval_result/ycb/Densefusion_wo_refine_result) by extensions ['colcon_pkg']
[0.285s] Level 1:colcon.colcon_core.package_identification:_identify(experiments/eval_result/ycb/Densefusion_wo_refine_result) by extension 'colcon_pkg'
[0.285s] Level 1:colcon.colcon_core.package_identification:_identify(experiments/eval_result/ycb/Densefusion_wo_refine_result) by extensions ['colcon_meta']
[0.285s] Level 1:colcon.colcon_core.package_identification:_identify(experiments/eval_result/ycb/Densefusion_wo_refine_result) by extension 'colcon_meta'
[0.285s] Level 1:colcon.colcon_core.package_identification:_identify(experiments/eval_result/ycb/Densefusion_wo_refine_result) by extensions ['ros']
[0.285s] Level 1:colcon.colcon_core.package_identification:_identify(experiments/eval_result/ycb/Densefusion_wo_refine_result) by extension 'ros'
[0.286s] Level 1:colcon.colcon_core.package_identification:_identify(experiments/eval_result/ycb/Densefusion_wo_refine_result) by extensions ['cmake', 'python']
[0.286s] Level 1:colcon.colcon_core.package_identification:_identify(experiments/eval_result/ycb/Densefusion_wo_refine_result) by extension 'cmake'
[0.286s] Level 1:colcon.colcon_core.package_identification:_identify(experiments/eval_result/ycb/Densefusion_wo_refine_result) by extension 'python'
[0.286s] Level 1:colcon.colcon_core.package_identification:_identify(experiments/eval_result/ycb/Densefusion_wo_refine_result) by extensions ['python_setup_py']
[0.286s] Level 1:colcon.colcon_core.package_identification:_identify(experiments/eval_result/ycb/Densefusion_wo_refine_result) by extension 'python_setup_py'
[0.286s] Level 1:colcon.colcon_core.package_identification:_identify(experiments/logs) by extensions ['ignore', 'ignore_ament_install']
[0.286s] Level 1:colcon.colcon_core.package_identification:_identify(experiments/logs) by extension 'ignore'
[0.286s] Level 1:colcon.colcon_core.package_identification:_identify(experiments/logs) by extension 'ignore_ament_install'
[0.286s] Level 1:colcon.colcon_core.package_identification:_identify(experiments/logs) by extensions ['colcon_pkg']
[0.286s] Level 1:colcon.colcon_core.package_identification:_identify(experiments/logs) by extension 'colcon_pkg'
[0.286s] Level 1:colcon.colcon_core.package_identification:_identify(experiments/logs) by extensions ['colcon_meta']
[0.286s] Level 1:colcon.colcon_core.package_identification:_identify(experiments/logs) by extension 'colcon_meta'
[0.286s] Level 1:colcon.colcon_core.package_identification:_identify(experiments/logs) by extensions ['ros']
[0.286s] Level 1:colcon.colcon_core.package_identification:_identify(experiments/logs) by extension 'ros'
[0.287s] Level 1:colcon.colcon_core.package_identification:_identify(experiments/logs) by extensions ['cmake', 'python']
[0.287s] Level 1:colcon.colcon_core.package_identification:_identify(experiments/logs) by extension 'cmake'
[0.287s] Level 1:colcon.colcon_core.package_identification:_identify(experiments/logs) by extension 'python'
[0.287s] Level 1:colcon.colcon_core.package_identification:_identify(experiments/logs) by extensions ['python_setup_py']
[0.287s] Level 1:colcon.colcon_core.package_identification:_identify(experiments/logs) by extension 'python_setup_py'
[0.287s] Level 1:colcon.colcon_core.package_identification:_identify(experiments/logs/linemod) by extensions ['ignore', 'ignore_ament_install']
[0.287s] Level 1:colcon.colcon_core.package_identification:_identify(experiments/logs/linemod) by extension 'ignore'
[0.287s] Level 1:colcon.colcon_core.package_identification:_identify(experiments/logs/linemod) by extension 'ignore_ament_install'
[0.287s] Level 1:colcon.colcon_core.package_identification:_identify(experiments/logs/linemod) by extensions ['colcon_pkg']
[0.287s] Level 1:colcon.colcon_core.package_identification:_identify(experiments/logs/linemod) by extension 'colcon_pkg'
[0.287s] Level 1:colcon.colcon_core.package_identification:_identify(experiments/logs/linemod) by extensions ['colcon_meta']
[0.287s] Level 1:colcon.colcon_core.package_identification:_identify(experiments/logs/linemod) by extension 'colcon_meta'
[0.287s] Level 1:colcon.colcon_core.package_identification:_identify(experiments/logs/linemod) by extensions ['ros']
[0.287s] Level 1:colcon.colcon_core.package_identification:_identify(experiments/logs/linemod) by extension 'ros'
[0.288s] Level 1:colcon.colcon_core.package_identification:_identify(experiments/logs/linemod) by extensions ['cmake', 'python']
[0.288s] Level 1:colcon.colcon_core.package_identification:_identify(experiments/logs/linemod) by extension 'cmake'
[0.288s] Level 1:colcon.colcon_core.package_identification:_identify(experiments/logs/linemod) by extension 'python'
[0.288s] Level 1:colcon.colcon_core.package_identification:_identify(experiments/logs/linemod) by extensions ['python_setup_py']
[0.288s] Level 1:colcon.colcon_core.package_identification:_identify(experiments/logs/linemod) by extension 'python_setup_py'
[0.288s] Level 1:colcon.colcon_core.package_identification:_identify(experiments/logs/ycb) by extensions ['ignore', 'ignore_ament_install']
[0.288s] Level 1:colcon.colcon_core.package_identification:_identify(experiments/logs/ycb) by extension 'ignore'
[0.288s] Level 1:colcon.colcon_core.package_identification:_identify(experiments/logs/ycb) by extension 'ignore_ament_install'
[0.288s] Level 1:colcon.colcon_core.package_identification:_identify(experiments/logs/ycb) by extensions ['colcon_pkg']
[0.288s] Level 1:colcon.colcon_core.package_identification:_identify(experiments/logs/ycb) by extension 'colcon_pkg'
[0.288s] Level 1:colcon.colcon_core.package_identification:_identify(experiments/logs/ycb) by extensions ['colcon_meta']
[0.288s] Level 1:colcon.colcon_core.package_identification:_identify(experiments/logs/ycb) by extension 'colcon_meta'
[0.288s] Level 1:colcon.colcon_core.package_identification:_identify(experiments/logs/ycb) by extensions ['ros']
[0.288s] Level 1:colcon.colcon_core.package_identification:_identify(experiments/logs/ycb) by extension 'ros'
[0.289s] Level 1:colcon.colcon_core.package_identification:_identify(experiments/logs/ycb) by extensions ['cmake', 'python']
[0.289s] Level 1:colcon.colcon_core.package_identification:_identify(experiments/logs/ycb) by extension 'cmake'
[0.289s] Level 1:colcon.colcon_core.package_identification:_identify(experiments/logs/ycb) by extension 'python'
[0.289s] Level 1:colcon.colcon_core.package_identification:_identify(experiments/logs/ycb) by extensions ['python_setup_py']
[0.289s] Level 1:colcon.colcon_core.package_identification:_identify(experiments/logs/ycb) by extension 'python_setup_py'
[0.289s] Level 1:colcon.colcon_core.package_identification:_identify(experiments/scripts) by extensions ['ignore', 'ignore_ament_install']
[0.289s] Level 1:colcon.colcon_core.package_identification:_identify(experiments/scripts) by extension 'ignore'
[0.289s] Level 1:colcon.colcon_core.package_identification:_identify(experiments/scripts) by extension 'ignore_ament_install'
[0.289s] Level 1:colcon.colcon_core.package_identification:_identify(experiments/scripts) by extensions ['colcon_pkg']
[0.289s] Level 1:colcon.colcon_core.package_identification:_identify(experiments/scripts) by extension 'colcon_pkg'
[0.289s] Level 1:colcon.colcon_core.package_identification:_identify(experiments/scripts) by extensions ['colcon_meta']
[0.289s] Level 1:colcon.colcon_core.package_identification:_identify(experiments/scripts) by extension 'colcon_meta'
[0.289s] Level 1:colcon.colcon_core.package_identification:_identify(experiments/scripts) by extensions ['ros']
[0.289s] Level 1:colcon.colcon_core.package_identification:_identify(experiments/scripts) by extension 'ros'
[0.290s] Level 1:colcon.colcon_core.package_identification:_identify(experiments/scripts) by extensions ['cmake', 'python']
[0.290s] Level 1:colcon.colcon_core.package_identification:_identify(experiments/scripts) by extension 'cmake'
[0.290s] Level 1:colcon.colcon_core.package_identification:_identify(experiments/scripts) by extension 'python'
[0.290s] Level 1:colcon.colcon_core.package_identification:_identify(experiments/scripts) by extensions ['python_setup_py']
[0.290s] Level 1:colcon.colcon_core.package_identification:_identify(experiments/scripts) by extension 'python_setup_py'
[0.290s] Level 1:colcon.colcon_core.package_identification:_identify(lib) by extensions ['ignore', 'ignore_ament_install']
[0.290s] Level 1:colcon.colcon_core.package_identification:_identify(lib) by extension 'ignore'
[0.290s] Level 1:colcon.colcon_core.package_identification:_identify(lib) by extension 'ignore_ament_install'
[0.290s] Level 1:colcon.colcon_core.package_identification:_identify(lib) by extensions ['colcon_pkg']
[0.290s] Level 1:colcon.colcon_core.package_identification:_identify(lib) by extension 'colcon_pkg'
[0.290s] Level 1:colcon.colcon_core.package_identification:_identify(lib) by extensions ['colcon_meta']
[0.290s] Level 1:colcon.colcon_core.package_identification:_identify(lib) by extension 'colcon_meta'
[0.290s] Level 1:colcon.colcon_core.package_identification:_identify(lib) by extensions ['ros']
[0.290s] Level 1:colcon.colcon_core.package_identification:_identify(lib) by extension 'ros'
[0.291s] Level 1:colcon.colcon_core.package_identification:_identify(lib) by extensions ['cmake', 'python']
[0.291s] Level 1:colcon.colcon_core.package_identification:_identify(lib) by extension 'cmake'
[0.291s] Level 1:colcon.colcon_core.package_identification:_identify(lib) by extension 'python'
[0.291s] Level 1:colcon.colcon_core.package_identification:_identify(lib) by extensions ['python_setup_py']
[0.291s] Level 1:colcon.colcon_core.package_identification:_identify(lib) by extension 'python_setup_py'
[0.291s] Level 1:colcon.colcon_core.package_identification:_identify(lib/__pycache__) by extensions ['ignore', 'ignore_ament_install']
[0.291s] Level 1:colcon.colcon_core.package_identification:_identify(lib/__pycache__) by extension 'ignore'
[0.291s] Level 1:colcon.colcon_core.package_identification:_identify(lib/__pycache__) by extension 'ignore_ament_install'
[0.291s] Level 1:colcon.colcon_core.package_identification:_identify(lib/__pycache__) by extensions ['colcon_pkg']
[0.291s] Level 1:colcon.colcon_core.package_identification:_identify(lib/__pycache__) by extension 'colcon_pkg'
[0.291s] Level 1:colcon.colcon_core.package_identification:_identify(lib/__pycache__) by extensions ['colcon_meta']
[0.291s] Level 1:colcon.colcon_core.package_identification:_identify(lib/__pycache__) by extension 'colcon_meta'
[0.291s] Level 1:colcon.colcon_core.package_identification:_identify(lib/__pycache__) by extensions ['ros']
[0.291s] Level 1:colcon.colcon_core.package_identification:_identify(lib/__pycache__) by extension 'ros'
[0.292s] Level 1:colcon.colcon_core.package_identification:_identify(lib/__pycache__) by extensions ['cmake', 'python']
[0.292s] Level 1:colcon.colcon_core.package_identification:_identify(lib/__pycache__) by extension 'cmake'
[0.292s] Level 1:colcon.colcon_core.package_identification:_identify(lib/__pycache__) by extension 'python'
[0.292s] Level 1:colcon.colcon_core.package_identification:_identify(lib/__pycache__) by extensions ['python_setup_py']
[0.292s] Level 1:colcon.colcon_core.package_identification:_identify(lib/__pycache__) by extension 'python_setup_py'
[0.292s] Level 1:colcon.colcon_core.package_identification:_identify(lib/knn) by extensions ['ignore', 'ignore_ament_install']
[0.292s] Level 1:colcon.colcon_core.package_identification:_identify(lib/knn) by extension 'ignore'
[0.292s] Level 1:colcon.colcon_core.package_identification:_identify(lib/knn) by extension 'ignore_ament_install'
[0.292s] Level 1:colcon.colcon_core.package_identification:_identify(lib/knn) by extensions ['colcon_pkg']
[0.292s] Level 1:colcon.colcon_core.package_identification:_identify(lib/knn) by extension 'colcon_pkg'
[0.292s] Level 1:colcon.colcon_core.package_identification:_identify(lib/knn) by extensions ['colcon_meta']
[0.292s] Level 1:colcon.colcon_core.package_identification:_identify(lib/knn) by extension 'colcon_meta'
[0.292s] Level 1:colcon.colcon_core.package_identification:_identify(lib/knn) by extensions ['ros']
[0.292s] Level 1:colcon.colcon_core.package_identification:_identify(lib/knn) by extension 'ros'
[0.293s] Level 1:colcon.colcon_core.package_identification:_identify(lib/knn) by extensions ['cmake', 'python']
[0.293s] Level 1:colcon.colcon_core.package_identification:_identify(lib/knn) by extension 'cmake'
[0.293s] Level 1:colcon.colcon_core.package_identification:_identify(lib/knn) by extension 'python'
[0.293s] Level 1:colcon.colcon_core.package_identification:_identify(lib/knn) by extensions ['python_setup_py']
[0.293s] Level 1:colcon.colcon_core.package_identification:_identify(lib/knn) by extension 'python_setup_py'
[0.293s] Level 1:colcon.colcon_core.package_identification:_identify(lib/knn/build) by extensions ['ignore', 'ignore_ament_install']
[0.293s] Level 1:colcon.colcon_core.package_identification:_identify(lib/knn/build) by extension 'ignore'
[0.293s] Level 1:colcon.colcon_core.package_identification:_identify(lib/knn/build) by extension 'ignore_ament_install'
[0.293s] Level 1:colcon.colcon_core.package_identification:_identify(lib/knn/build) by extensions ['colcon_pkg']
[0.293s] Level 1:colcon.colcon_core.package_identification:_identify(lib/knn/build) by extension 'colcon_pkg'
[0.293s] Level 1:colcon.colcon_core.package_identification:_identify(lib/knn/build) by extensions ['colcon_meta']
[0.293s] Level 1:colcon.colcon_core.package_identification:_identify(lib/knn/build) by extension 'colcon_meta'
[0.293s] Level 1:colcon.colcon_core.package_identification:_identify(lib/knn/build) by extensions ['ros']
[0.293s] Level 1:colcon.colcon_core.package_identification:_identify(lib/knn/build) by extension 'ros'
[0.293s] Level 1:colcon.colcon_core.package_identification:_identify(lib/knn/build) by extensions ['cmake', 'python']
[0.293s] Level 1:colcon.colcon_core.package_identification:_identify(lib/knn/build) by extension 'cmake'
[0.294s] Level 1:colcon.colcon_core.package_identification:_identify(lib/knn/build) by extension 'python'
[0.294s] Level 1:colcon.colcon_core.package_identification:_identify(lib/knn/build) by extensions ['python_setup_py']
[0.294s] Level 1:colcon.colcon_core.package_identification:_identify(lib/knn/build) by extension 'python_setup_py'
[0.294s] Level 1:colcon.colcon_core.package_identification:_identify(lib/knn/knn_pytorch) by extensions ['ignore', 'ignore_ament_install']
[0.294s] Level 1:colcon.colcon_core.package_identification:_identify(lib/knn/knn_pytorch) by extension 'ignore'
[0.294s] Level 1:colcon.colcon_core.package_identification:_identify(lib/knn/knn_pytorch) by extension 'ignore_ament_install'
[0.294s] Level 1:colcon.colcon_core.package_identification:_identify(lib/knn/knn_pytorch) by extensions ['colcon_pkg']
[0.294s] Level 1:colcon.colcon_core.package_identification:_identify(lib/knn/knn_pytorch) by extension 'colcon_pkg'
[0.294s] Level 1:colcon.colcon_core.package_identification:_identify(lib/knn/knn_pytorch) by extensions ['colcon_meta']
[0.294s] Level 1:colcon.colcon_core.package_identification:_identify(lib/knn/knn_pytorch) by extension 'colcon_meta'
[0.294s] Level 1:colcon.colcon_core.package_identification:_identify(lib/knn/knn_pytorch) by extensions ['ros']
[0.294s] Level 1:colcon.colcon_core.package_identification:_identify(lib/knn/knn_pytorch) by extension 'ros'
[0.294s] Level 1:colcon.colcon_core.package_identification:_identify(lib/knn/knn_pytorch) by extensions ['cmake', 'python']
[0.294s] Level 1:colcon.colcon_core.package_identification:_identify(lib/knn/knn_pytorch) by extension 'cmake'
[0.294s] Level 1:colcon.colcon_core.package_identification:_identify(lib/knn/knn_pytorch) by extension 'python'
[0.295s] Level 1:colcon.colcon_core.package_identification:_identify(lib/knn/knn_pytorch) by extensions ['python_setup_py']
[0.295s] Level 1:colcon.colcon_core.package_identification:_identify(lib/knn/knn_pytorch) by extension 'python_setup_py'
[0.295s] Level 1:colcon.colcon_core.package_identification:_identify(lib/knn/knn_pytorch/__pycache__) by extensions ['ignore', 'ignore_ament_install']
[0.295s] Level 1:colcon.colcon_core.package_identification:_identify(lib/knn/knn_pytorch/__pycache__) by extension 'ignore'
[0.295s] Level 1:colcon.colcon_core.package_identification:_identify(lib/knn/knn_pytorch/__pycache__) by extension 'ignore_ament_install'
[0.295s] Level 1:colcon.colcon_core.package_identification:_identify(lib/knn/knn_pytorch/__pycache__) by extensions ['colcon_pkg']
[0.295s] Level 1:colcon.colcon_core.package_identification:_identify(lib/knn/knn_pytorch/__pycache__) by extension 'colcon_pkg'
[0.295s] Level 1:colcon.colcon_core.package_identification:_identify(lib/knn/knn_pytorch/__pycache__) by extensions ['colcon_meta']
[0.295s] Level 1:colcon.colcon_core.package_identification:_identify(lib/knn/knn_pytorch/__pycache__) by extension 'colcon_meta'
[0.295s] Level 1:colcon.colcon_core.package_identification:_identify(lib/knn/knn_pytorch/__pycache__) by extensions ['ros']
[0.295s] Level 1:colcon.colcon_core.package_identification:_identify(lib/knn/knn_pytorch/__pycache__) by extension 'ros'
[0.295s] Level 1:colcon.colcon_core.package_identification:_identify(lib/knn/knn_pytorch/__pycache__) by extensions ['cmake', 'python']
[0.295s] Level 1:colcon.colcon_core.package_identification:_identify(lib/knn/knn_pytorch/__pycache__) by extension 'cmake'
[0.296s] Level 1:colcon.colcon_core.package_identification:_identify(lib/knn/knn_pytorch/__pycache__) by extension 'python'
[0.296s] Level 1:colcon.colcon_core.package_identification:_identify(lib/knn/knn_pytorch/__pycache__) by extensions ['python_setup_py']
[0.296s] Level 1:colcon.colcon_core.package_identification:_identify(lib/knn/knn_pytorch/__pycache__) by extension 'python_setup_py'
[0.296s] Level 1:colcon.colcon_core.package_identification:_identify(lib/knn/src) by extensions ['ignore', 'ignore_ament_install']
[0.296s] Level 1:colcon.colcon_core.package_identification:_identify(lib/knn/src) by extension 'ignore'
[0.296s] Level 1:colcon.colcon_core.package_identification:_identify(lib/knn/src) by extension 'ignore_ament_install'
[0.296s] Level 1:colcon.colcon_core.package_identification:_identify(lib/knn/src) by extensions ['colcon_pkg']
[0.296s] Level 1:colcon.colcon_core.package_identification:_identify(lib/knn/src) by extension 'colcon_pkg'
[0.296s] Level 1:colcon.colcon_core.package_identification:_identify(lib/knn/src) by extensions ['colcon_meta']
[0.296s] Level 1:colcon.colcon_core.package_identification:_identify(lib/knn/src) by extension 'colcon_meta'
[0.296s] Level 1:colcon.colcon_core.package_identification:_identify(lib/knn/src) by extensions ['ros']
[0.296s] Level 1:colcon.colcon_core.package_identification:_identify(lib/knn/src) by extension 'ros'
[0.296s] Level 1:colcon.colcon_core.package_identification:_identify(lib/knn/src) by extensions ['cmake', 'python']
[0.296s] Level 1:colcon.colcon_core.package_identification:_identify(lib/knn/src) by extension 'cmake'
[0.296s] Level 1:colcon.colcon_core.package_identification:_identify(lib/knn/src) by extension 'python'
[0.297s] Level 1:colcon.colcon_core.package_identification:_identify(lib/knn/src) by extensions ['python_setup_py']
[0.297s] Level 1:colcon.colcon_core.package_identification:_identify(lib/knn/src) by extension 'python_setup_py'
[0.297s] Level 1:colcon.colcon_core.package_identification:_identify(log) by extensions ['ignore', 'ignore_ament_install']
[0.297s] Level 1:colcon.colcon_core.package_identification:_identify(log) by extension 'ignore'
[0.297s] Level 1:colcon.colcon_core.package_identification:_identify(log) ignored
[0.297s] Level 1:colcon.colcon_core.package_identification:_identify(replace_ycb_toolbox) by extensions ['ignore', 'ignore_ament_install']
[0.297s] Level 1:colcon.colcon_core.package_identification:_identify(replace_ycb_toolbox) by extension 'ignore'
[0.297s] Level 1:colcon.colcon_core.package_identification:_identify(replace_ycb_toolbox) by extension 'ignore_ament_install'
[0.297s] Level 1:colcon.colcon_core.package_identification:_identify(replace_ycb_toolbox) by extensions ['colcon_pkg']
[0.297s] Level 1:colcon.colcon_core.package_identification:_identify(replace_ycb_toolbox) by extension 'colcon_pkg'
[0.297s] Level 1:colcon.colcon_core.package_identification:_identify(replace_ycb_toolbox) by extensions ['colcon_meta']
[0.297s] Level 1:colcon.colcon_core.package_identification:_identify(replace_ycb_toolbox) by extension 'colcon_meta'
[0.297s] Level 1:colcon.colcon_core.package_identification:_identify(replace_ycb_toolbox) by extensions ['ros']
[0.297s] Level 1:colcon.colcon_core.package_identification:_identify(replace_ycb_toolbox) by extension 'ros'
[0.298s] Level 1:colcon.colcon_core.package_identification:_identify(replace_ycb_toolbox) by extensions ['cmake', 'python']
[0.298s] Level 1:colcon.colcon_core.package_identification:_identify(replace_ycb_toolbox) by extension 'cmake'
[0.298s] Level 1:colcon.colcon_core.package_identification:_identify(replace_ycb_toolbox) by extension 'python'
[0.298s] Level 1:colcon.colcon_core.package_identification:_identify(replace_ycb_toolbox) by extensions ['python_setup_py']
[0.298s] Level 1:colcon.colcon_core.package_identification:_identify(replace_ycb_toolbox) by extension 'python_setup_py'
[0.298s] Level 1:colcon.colcon_core.package_identification:_identify(tools) by extensions ['ignore', 'ignore_ament_install']
[0.298s] Level 1:colcon.colcon_core.package_identification:_identify(tools) by extension 'ignore'
[0.298s] Level 1:colcon.colcon_core.package_identification:_identify(tools) by extension 'ignore_ament_install'
[0.298s] Level 1:colcon.colcon_core.package_identification:_identify(tools) by extensions ['colcon_pkg']
[0.298s] Level 1:colcon.colcon_core.package_identification:_identify(tools) by extension 'colcon_pkg'
[0.298s] Level 1:colcon.colcon_core.package_identification:_identify(tools) by extensions ['colcon_meta']
[0.298s] Level 1:colcon.colcon_core.package_identification:_identify(tools) by extension 'colcon_meta'
[0.298s] Level 1:colcon.colcon_core.package_identification:_identify(tools) by extensions ['ros']
[0.298s] Level 1:colcon.colcon_core.package_identification:_identify(tools) by extension 'ros'
[0.299s] Level 1:colcon.colcon_core.package_identification:_identify(tools) by extensions ['cmake', 'python']
[0.299s] Level 1:colcon.colcon_core.package_identification:_identify(tools) by extension 'cmake'
[0.299s] Level 1:colcon.colcon_core.package_identification:_identify(tools) by extension 'python'
[0.299s] Level 1:colcon.colcon_core.package_identification:_identify(tools) by extensions ['python_setup_py']
[0.299s] Level 1:colcon.colcon_core.package_identification:_identify(tools) by extension 'python_setup_py'
[0.299s] Level 1:colcon.colcon_core.package_identification:_identify(trained_models) by extensions ['ignore', 'ignore_ament_install']
[0.299s] Level 1:colcon.colcon_core.package_identification:_identify(trained_models) by extension 'ignore'
[0.299s] Level 1:colcon.colcon_core.package_identification:_identify(trained_models) by extension 'ignore_ament_install'
[0.299s] Level 1:colcon.colcon_core.package_identification:_identify(trained_models) by extensions ['colcon_pkg']
[0.299s] Level 1:colcon.colcon_core.package_identification:_identify(trained_models) by extension 'colcon_pkg'
[0.299s] Level 1:colcon.colcon_core.package_identification:_identify(trained_models) by extensions ['colcon_meta']
[0.299s] Level 1:colcon.colcon_core.package_identification:_identify(trained_models) by extension 'colcon_meta'
[0.299s] Level 1:colcon.colcon_core.package_identification:_identify(trained_models) by extensions ['ros']
[0.299s] Level 1:colcon.colcon_core.package_identification:_identify(trained_models) by extension 'ros'
[0.299s] Level 1:colcon.colcon_core.package_identification:_identify(trained_models) by extensions ['cmake', 'python']
[0.299s] Level 1:colcon.colcon_core.package_identification:_identify(trained_models) by extension 'cmake'
[0.300s] Level 1:colcon.colcon_core.package_identification:_identify(trained_models) by extension 'python'
[0.300s] Level 1:colcon.colcon_core.package_identification:_identify(trained_models) by extensions ['python_setup_py']
[0.300s] Level 1:colcon.colcon_core.package_identification:_identify(trained_models) by extension 'python_setup_py'
[0.300s] Level 1:colcon.colcon_core.package_identification:_identify(trained_models/linemod) by extensions ['ignore', 'ignore_ament_install']
[0.300s] Level 1:colcon.colcon_core.package_identification:_identify(trained_models/linemod) by extension 'ignore'
[0.300s] Level 1:colcon.colcon_core.package_identification:_identify(trained_models/linemod) by extension 'ignore_ament_install'
[0.300s] Level 1:colcon.colcon_core.package_identification:_identify(trained_models/linemod) by extensions ['colcon_pkg']
[0.300s] Level 1:colcon.colcon_core.package_identification:_identify(trained_models/linemod) by extension 'colcon_pkg'
[0.300s] Level 1:colcon.colcon_core.package_identification:_identify(trained_models/linemod) by extensions ['colcon_meta']
[0.300s] Level 1:colcon.colcon_core.package_identification:_identify(trained_models/linemod) by extension 'colcon_meta'
[0.300s] Level 1:colcon.colcon_core.package_identification:_identify(trained_models/linemod) by extensions ['ros']
[0.300s] Level 1:colcon.colcon_core.package_identification:_identify(trained_models/linemod) by extension 'ros'
[0.300s] Level 1:colcon.colcon_core.package_identification:_identify(trained_models/linemod) by extensions ['cmake', 'python']
[0.300s] Level 1:colcon.colcon_core.package_identification:_identify(trained_models/linemod) by extension 'cmake'
[0.301s] Level 1:colcon.colcon_core.package_identification:_identify(trained_models/linemod) by extension 'python'
[0.301s] Level 1:colcon.colcon_core.package_identification:_identify(trained_models/linemod) by extensions ['python_setup_py']
[0.301s] Level 1:colcon.colcon_core.package_identification:_identify(trained_models/linemod) by extension 'python_setup_py'
[0.301s] Level 1:colcon.colcon_core.package_identification:_identify(trained_models/ycb) by extensions ['ignore', 'ignore_ament_install']
[0.301s] Level 1:colcon.colcon_core.package_identification:_identify(trained_models/ycb) by extension 'ignore'
[0.301s] Level 1:colcon.colcon_core.package_identification:_identify(trained_models/ycb) by extension 'ignore_ament_install'
[0.301s] Level 1:colcon.colcon_core.package_identification:_identify(trained_models/ycb) by extensions ['colcon_pkg']
[0.301s] Level 1:colcon.colcon_core.package_identification:_identify(trained_models/ycb) by extension 'colcon_pkg'
[0.301s] Level 1:colcon.colcon_core.package_identification:_identify(trained_models/ycb) by extensions ['colcon_meta']
[0.301s] Level 1:colcon.colcon_core.package_identification:_identify(trained_models/ycb) by extension 'colcon_meta'
[0.301s] Level 1:colcon.colcon_core.package_identification:_identify(trained_models/ycb) by extensions ['ros']
[0.301s] Level 1:colcon.colcon_core.package_identification:_identify(trained_models/ycb) by extension 'ros'
[0.301s] Level 1:colcon.colcon_core.package_identification:_identify(trained_models/ycb) by extensions ['cmake', 'python']
[0.301s] Level 1:colcon.colcon_core.package_identification:_identify(trained_models/ycb) by extension 'cmake'
[0.301s] Level 1:colcon.colcon_core.package_identification:_identify(trained_models/ycb) by extension 'python'
[0.302s] Level 1:colcon.colcon_core.package_identification:_identify(trained_models/ycb) by extensions ['python_setup_py']
[0.302s] Level 1:colcon.colcon_core.package_identification:_identify(trained_models/ycb) by extension 'python_setup_py'
[0.302s] Level 1:colcon.colcon_core.package_identification:_identify(vanilla_segmentation) by extensions ['ignore', 'ignore_ament_install']
[0.302s] Level 1:colcon.colcon_core.package_identification:_identify(vanilla_segmentation) by extension 'ignore'
[0.302s] Level 1:colcon.colcon_core.package_identification:_identify(vanilla_segmentation) by extension 'ignore_ament_install'
[0.302s] Level 1:colcon.colcon_core.package_identification:_identify(vanilla_segmentation) by extensions ['colcon_pkg']
[0.302s] Level 1:colcon.colcon_core.package_identification:_identify(vanilla_segmentation) by extension 'colcon_pkg'
[0.302s] Level 1:colcon.colcon_core.package_identification:_identify(vanilla_segmentation) by extensions ['colcon_meta']
[0.302s] Level 1:colcon.colcon_core.package_identification:_identify(vanilla_segmentation) by extension 'colcon_meta'
[0.302s] Level 1:colcon.colcon_core.package_identification:_identify(vanilla_segmentation) by extensions ['ros']
[0.302s] Level 1:colcon.colcon_core.package_identification:_identify(vanilla_segmentation) by extension 'ros'
[0.302s] Level 1:colcon.colcon_core.package_identification:_identify(vanilla_segmentation) by extensions ['cmake', 'python']
[0.302s] Level 1:colcon.colcon_core.package_identification:_identify(vanilla_segmentation) by extension 'cmake'
[0.302s] Level 1:colcon.colcon_core.package_identification:_identify(vanilla_segmentation) by extension 'python'
[0.302s] Level 1:colcon.colcon_core.package_identification:_identify(vanilla_segmentation) by extensions ['python_setup_py']
[0.303s] Level 1:colcon.colcon_core.package_identification:_identify(vanilla_segmentation) by extension 'python_setup_py'
[0.303s] Level 1:colcon.colcon_core.package_identification:_identify(vanilla_segmentation/__pycache__) by extensions ['ignore', 'ignore_ament_install']
[0.303s] Level 1:colcon.colcon_core.package_identification:_identify(vanilla_segmentation/__pycache__) by extension 'ignore'
[0.303s] Level 1:colcon.colcon_core.package_identification:_identify(vanilla_segmentation/__pycache__) by extension 'ignore_ament_install'
[0.303s] Level 1:colcon.colcon_core.package_identification:_identify(vanilla_segmentation/__pycache__) by extensions ['colcon_pkg']
[0.303s] Level 1:colcon.colcon_core.package_identification:_identify(vanilla_segmentation/__pycache__) by extension 'colcon_pkg'
[0.303s] Level 1:colcon.colcon_core.package_identification:_identify(vanilla_segmentation/__pycache__) by extensions ['colcon_meta']
[0.303s] Level 1:colcon.colcon_core.package_identification:_identify(vanilla_segmentation/__pycache__) by extension 'colcon_meta'
[0.303s] Level 1:colcon.colcon_core.package_identification:_identify(vanilla_segmentation/__pycache__) by extensions ['ros']
[0.303s] Level 1:colcon.colcon_core.package_identification:_identify(vanilla_segmentation/__pycache__) by extension 'ros'
[0.303s] Level 1:colcon.colcon_core.package_identification:_identify(vanilla_segmentation/__pycache__) by extensions ['cmake', 'python']
[0.303s] Level 1:colcon.colcon_core.package_identification:_identify(vanilla_segmentation/__pycache__) by extension 'cmake'
[0.303s] Level 1:colcon.colcon_core.package_identification:_identify(vanilla_segmentation/__pycache__) by extension 'python'
[0.303s] Level 1:colcon.colcon_core.package_identification:_identify(vanilla_segmentation/__pycache__) by extensions ['python_setup_py']
[0.303s] Level 1:colcon.colcon_core.package_identification:_identify(vanilla_segmentation/__pycache__) by extension 'python_setup_py'
[0.304s] Level 1:colcon.colcon_core.package_identification:_identify(vanilla_segmentation/logs) by extensions ['ignore', 'ignore_ament_install']
[0.304s] Level 1:colcon.colcon_core.package_identification:_identify(vanilla_segmentation/logs) by extension 'ignore'
[0.304s] Level 1:colcon.colcon_core.package_identification:_identify(vanilla_segmentation/logs) by extension 'ignore_ament_install'
[0.304s] Level 1:colcon.colcon_core.package_identification:_identify(vanilla_segmentation/logs) by extensions ['colcon_pkg']
[0.304s] Level 1:colcon.colcon_core.package_identification:_identify(vanilla_segmentation/logs) by extension 'colcon_pkg'
[0.304s] Level 1:colcon.colcon_core.package_identification:_identify(vanilla_segmentation/logs) by extensions ['colcon_meta']
[0.304s] Level 1:colcon.colcon_core.package_identification:_identify(vanilla_segmentation/logs) by extension 'colcon_meta'
[0.304s] Level 1:colcon.colcon_core.package_identification:_identify(vanilla_segmentation/logs) by extensions ['ros']
[0.304s] Level 1:colcon.colcon_core.package_identification:_identify(vanilla_segmentation/logs) by extension 'ros'
[0.304s] Level 1:colcon.colcon_core.package_identification:_identify(vanilla_segmentation/logs) by extensions ['cmake', 'python']
[0.304s] Level 1:colcon.colcon_core.package_identification:_identify(vanilla_segmentation/logs) by extension 'cmake'
[0.304s] Level 1:colcon.colcon_core.package_identification:_identify(vanilla_segmentation/logs) by extension 'python'
[0.304s] Level 1:colcon.colcon_core.package_identification:_identify(vanilla_segmentation/logs) by extensions ['python_setup_py']
[0.305s] Level 1:colcon.colcon_core.package_identification:_identify(vanilla_segmentation/logs) by extension 'python_setup_py'
[0.305s] Level 1:colcon.colcon_core.package_identification:_identify(vanilla_segmentation/trained_models) by extensions ['ignore', 'ignore_ament_install']
[0.305s] Level 1:colcon.colcon_core.package_identification:_identify(vanilla_segmentation/trained_models) by extension 'ignore'
[0.305s] Level 1:colcon.colcon_core.package_identification:_identify(vanilla_segmentation/trained_models) by extension 'ignore_ament_install'
[0.305s] Level 1:colcon.colcon_core.package_identification:_identify(vanilla_segmentation/trained_models) by extensions ['colcon_pkg']
[0.305s] Level 1:colcon.colcon_core.package_identification:_identify(vanilla_segmentation/trained_models) by extension 'colcon_pkg'
[0.305s] Level 1:colcon.colcon_core.package_identification:_identify(vanilla_segmentation/trained_models) by extensions ['colcon_meta']
[0.305s] Level 1:colcon.colcon_core.package_identification:_identify(vanilla_segmentation/trained_models) by extension 'colcon_meta'
[0.305s] Level 1:colcon.colcon_core.package_identification:_identify(vanilla_segmentation/trained_models) by extensions ['ros']
[0.305s] Level 1:colcon.colcon_core.package_identification:_identify(vanilla_segmentation/trained_models) by extension 'ros'
[0.305s] Level 1:colcon.colcon_core.package_identification:_identify(vanilla_segmentation/trained_models) by extensions ['cmake', 'python']
[0.305s] Level 1:colcon.colcon_core.package_identification:_identify(vanilla_segmentation/trained_models) by extension 'cmake'
[0.305s] Level 1:colcon.colcon_core.package_identification:_identify(vanilla_segmentation/trained_models) by extension 'python'
[0.305s] Level 1:colcon.colcon_core.package_identification:_identify(vanilla_segmentation/trained_models) by extensions ['python_setup_py']
[0.305s] Level 1:colcon.colcon_core.package_identification:_identify(vanilla_segmentation/trained_models) by extension 'python_setup_py'
[0.306s] Level 1:colcon.colcon_core.package_discovery:discover_packages(recursive) using defaults
[0.306s] Level 1:colcon.colcon_core.package_discovery:discover_packages(ignore) discover
[0.306s] Level 1:colcon.colcon_core.package_discovery:discover_packages(ignore) using defaults
[0.306s] Level 1:colcon.colcon_core.package_discovery:discover_packages(path) discover
[0.306s] Level 1:colcon.colcon_core.package_discovery:discover_packages(path) using defaults
